# JRE version: OpenJDK Runtime Environment (17.0.6) (build 17.0.6+0-b2043.56-10027231)
# Java VM: OpenJDK 64-Bit Server VM (17.0.6+0-b2043.56-10027231, mixed mode, tiered, compressed oops, compressed class ptrs, g1 gc, windows-amd64)
GC Precious Log:
 CPUs: 4 total, 4 available
 Memory: 10177M
 Large Page Support: Disabled
 NUMA Support: Disabled
 Compressed Oops: Enabled (Zero based)
 Heap Region Size: 2M
 Heap Min Capacity: 8M
 Heap Initial Capacity: 160M
 Heap Max Capacity: 4G
 Pre-touch: Disabled
 Parallel Workers: 4
 Concurrent Workers: 1
 Concurrent Refinement Workers: 4
 Periodic GC: Disabled
Heap:
 garbage-first heap   total 464896K, used 195690K [0x0000000700000000, 0x0000000800000000)
  region size 2048K, 1 young (2048K), 1 survivors (2048K)
 Metaspace       used 115556K, committed 116288K, reserved 1155072K
  class space    used 15493K, committed 15872K, reserved 1048576K
GC Heap History (20 events):
Event: 131.897 GC heap after
{Heap after GC invocations=61 (full 0):
 garbage-first heap   total 184320K, used 119801K [0x0000000700000000, 0x0000000800000000)
  region size 2048K, 3 young (6144K), 3 survivors (6144K)
 Metaspace       used 102248K, committed 102976K, reserved 1138688K
  class space    used 13741K, committed 14080K, reserved 1048576K
}
Event: 133.731 GC heap before
{Heap before GC invocations=62 (full 0):
 garbage-first heap   total 212992K, used 150521K [0x0000000700000000, 0x0000000800000000)
  region size 2048K, 18 young (36864K), 3 survivors (6144K)
 Metaspace       used 104960K, committed 105664K, reserved 1146880K
  class space    used 14083K, committed 14464K, reserved 1048576K
}
Event: 133.755 GC heap after
{Heap after GC invocations=63 (full 0):
 garbage-first heap   total 212992K, used 124408K [0x0000000700000000, 0x0000000800000000)
  region size 2048K, 3 young (6144K), 3 survivors (6144K)
 Metaspace       used 104960K, committed 105664K, reserved 1146880K
  class space    used 14083K, committed 14464K, reserved 1048576K
}
Event: 133.811 GC heap before
{Heap before GC invocations=63 (full 0):
 garbage-first heap   total 212992K, used 128504K [0x0000000700000000, 0x0000000800000000)
  region size 2048K, 5 young (10240K), 3 survivors (6144K)
 Metaspace       used 105035K, committed 105728K, reserved 1146880K
  class space    used 14094K, committed 14464K, reserved 1048576K
}
Event: 133.829 GC heap after
{Heap after GC invocations=64 (full 0):
 garbage-first heap   total 464896K, used 125301K [0x0000000700000000, 0x0000000800000000)
  region size 2048K, 1 young (2048K), 1 survivors (2048K)
 Metaspace       used 105035K, committed 105728K, reserved 1146880K
  class space    used 14094K, committed 14464K, reserved 1048576K
}
Event: 140.074 GC heap before
{Heap before GC invocations=64 (full 0):
 garbage-first heap   total 464896K, used 342389K [0x0000000700000000, 0x0000000800000000)
  region size 2048K, 107 young (219136K), 1 survivors (2048K)
 Metaspace       used 109035K, committed 109760K, reserved 1146880K
  class space    used 14648K, committed 14976K, reserved 1048576K
}
Event: 140.217 GC heap after
{Heap after GC invocations=65 (full 0):
 garbage-first heap   total 464896K, used 162062K [0x0000000700000000, 0x0000000800000000)
  region size 2048K, 14 young (28672K), 14 survivors (28672K)
 Metaspace       used 109035K, committed 109760K, reserved 1146880K
  class space    used 14648K, committed 14976K, reserved 1048576K
}
Event: 143.475 GC heap before
{Heap before GC invocations=65 (full 0):
 garbage-first heap   total 464896K, used 313614K [0x0000000700000000, 0x0000000800000000)
  region size 2048K, 88 young (180224K), 14 survivors (28672K)
 Metaspace       used 111121K, committed 111872K, reserved 1146880K
  class space    used 14978K, committed 15360K, reserved 1048576K
}
Event: 143.640 GC heap after
{Heap after GC invocations=66 (full 0):
 garbage-first heap   total 464896K, used 186368K [0x0000000700000000, 0x0000000800000000)
  region size 2048K, 11 young (22528K), 11 survivors (22528K)
 Metaspace       used 111121K, committed 111872K, reserved 1146880K
  class space    used 14978K, committed 15360K, reserved 1048576K
}
Event: 153.413 GC heap before
{Heap before GC invocations=66 (full 0):
 garbage-first heap   total 464896K, used 331776K [0x0000000700000000, 0x0000000800000000)
  region size 2048K, 82 young (167936K), 11 survivors (22528K)
 Metaspace       used 114503K, committed 115264K, reserved 1155072K
  class space    used 15394K, committed 15744K, reserved 1048576K
}
Event: 153.494 GC heap after
{Heap after GC invocations=67 (full 0):
 garbage-first heap   total 464896K, used 195584K [0x0000000700000000, 0x0000000800000000)
  region size 2048K, 5 young (10240K), 5 survivors (10240K)
 Metaspace       used 114503K, committed 115264K, reserved 1155072K
  class space    used 15394K, committed 15744K, reserved 1048576K
}
Event: 158.033 GC heap before
{Heap before GC invocations=67 (full 0):
 garbage-first heap   total 464896K, used 347136K [0x0000000700000000, 0x0000000800000000)
  region size 2048K, 80 young (163840K), 5 survivors (10240K)
 Metaspace       used 114912K, committed 115712K, reserved 1155072K
  class space    used 15424K, committed 15808K, reserved 1048576K
}
Event: 158.054 GC heap after
{Heap after GC invocations=68 (full 0):
 garbage-first heap   total 464896K, used 194548K [0x0000000700000000, 0x0000000800000000)
  region size 2048K, 4 young (8192K), 4 survivors (8192K)
 Metaspace       used 114912K, committed 115712K, reserved 1155072K
  class space    used 15424K, committed 15808K, reserved 1048576K
}
Event: 161.957 GC heap before
{Heap before GC invocations=68 (full 0):
 garbage-first heap   total 464896K, used 366580K [0x0000000700000000, 0x0000000800000000)
  region size 2048K, 88 young (180224K), 4 survivors (8192K)
 Metaspace       used 115266K, committed 116032K, reserved 1155072K
  class space    used 15454K, committed 15808K, reserved 1048576K
}
Event: 161.980 GC heap after
{Heap after GC invocations=69 (full 0):
 garbage-first heap   total 464896K, used 194970K [0x0000000700000000, 0x0000000800000000)
  region size 2048K, 5 young (10240K), 5 survivors (10240K)
 Metaspace       used 115266K, committed 116032K, reserved 1155072K
  class space    used 15454K, committed 15808K, reserved 1048576K
}
Event: 164.366 GC heap before
{Heap before GC invocations=69 (full 0):
 garbage-first heap   total 464896K, used 373146K [0x0000000700000000, 0x0000000800000000)
  region size 2048K, 92 young (188416K), 5 survivors (10240K)
 Metaspace       used 115553K, committed 116288K, reserved 1155072K
  class space    used 15490K, committed 15872K, reserved 1048576K
}
Event: 164.385 GC heap after
{Heap after GC invocations=70 (full 0):
 garbage-first heap   total 464896K, used 195739K [0x0000000700000000, 0x0000000800000000)
  region size 2048K, 5 young (10240K), 5 survivors (10240K)
 Metaspace       used 115553K, committed 116288K, reserved 1155072K
  class space    used 15490K, committed 15872K, reserved 1048576K
}
Event: 166.888 GC heap before
{Heap before GC invocations=71 (full 0):
 garbage-first heap   total 464896K, used 378011K [0x0000000700000000, 0x0000000800000000)
  region size 2048K, 95 young (194560K), 5 survivors (10240K)
 Metaspace       used 115556K, committed 116288K, reserved 1155072K
  class space    used 15493K, committed 15872K, reserved 1048576K
}
Event: 166.911 GC heap after
{Heap after GC invocations=72 (full 0):
 garbage-first heap   total 464896K, used 197440K [0x0000000700000000, 0x0000000800000000)
  region size 2048K, 6 young (12288K), 6 survivors (12288K)
 Metaspace       used 115556K, committed 116288K, reserved 1155072K
  class space    used 15493K, committed 15872K, reserved 1048576K
}
Event: 166.949 GC heap before
{Heap before GC invocations=72 (full 0):
 garbage-first heap   total 464896K, used 207680K [0x0000000700000000, 0x0000000800000000)
  region size 2048K, 11 young (22528K), 6 survivors (12288K)
 Metaspace       used 115556K, committed 116288K, reserved 1155072K
  class space    used 15493K, committed 15872K, reserved 1048576K
}

