# JRE version: OpenJDK Runtime Environment (17.0.6) (build 17.0.6+0-b2043.56-10027231)
# Java VM: OpenJDK 64-Bit Server VM (17.0.6+0-b2043.56-10027231, mixed mode, tiered, compressed oops, compressed class ptrs, g1 gc, windows-amd64)
GC Precious Log:
 CPUs: 4 total, 4 available
 Memory: 10177M
 Large Page Support: Disabled
 NUMA Support: Disabled
 Compressed Oops: Enabled (Zero based)
 Heap Region Size: 2M
 Heap Min Capacity: 8M
 Heap Initial Capacity: 160M
 Heap Max Capacity: 4G
 Pre-touch: Disabled
 Parallel Workers: 4
 Concurrent Workers: 1
 Concurrent Refinement Workers: 4
 Periodic GC: Disabled
Heap:
 garbage-first heap   total 256000K, used 152825K [0x0000000700000000, 0x0000000800000000)
  region size 2048K, 4 young (8192K), 4 survivors (8192K)
 Metaspace       used 108840K, committed 109440K, reserved 1146880K
  class space    used 14275K, committed 14528K, reserved 1048576K
GC Heap History (20 events):
Event: 38.115 GC heap after
{Heap after GC invocations=39 (full 0):
 garbage-first heap   total 172032K, used 100564K [0x0000000700000000, 0x0000000800000000)
  region size 2048K, 3 young (6144K), 3 survivors (6144K)
 Metaspace       used 78743K, committed 79360K, reserved 1122304K
  class space    used 10836K, committed 11072K, reserved 1048576K
}
Event: 38.177 GC heap before
{Heap before GC invocations=39 (full 0):
 garbage-first heap   total 172032K, used 102612K [0x0000000700000000, 0x0000000800000000)
  region size 2048K, 5 young (10240K), 3 survivors (6144K)
 Metaspace       used 78744K, committed 79360K, reserved 1122304K
  class space    used 10836K, committed 11072K, reserved 1048576K
}
Event: 38.190 GC heap after
{Heap after GC invocations=40 (full 0):
 garbage-first heap   total 172032K, used 101340K [0x0000000700000000, 0x0000000800000000)
  region size 2048K, 1 young (2048K), 1 survivors (2048K)
 Metaspace       used 78744K, committed 79360K, reserved 1122304K
  class space    used 10836K, committed 11072K, reserved 1048576K
}
Event: 38.452 GC heap before
{Heap before GC invocations=41 (full 0):
 garbage-first heap   total 202752K, used 119772K [0x0000000700000000, 0x0000000800000000)
  region size 2048K, 10 young (20480K), 1 survivors (2048K)
 Metaspace       used 78744K, committed 79360K, reserved 1122304K
  class space    used 10836K, committed 11072K, reserved 1048576K
}
Event: 38.469 GC heap after
{Heap after GC invocations=42 (full 0):
 garbage-first heap   total 202752K, used 105798K [0x0000000700000000, 0x0000000800000000)
  region size 2048K, 2 young (4096K), 2 survivors (4096K)
 Metaspace       used 78744K, committed 79360K, reserved 1122304K
  class space    used 10836K, committed 11072K, reserved 1048576K
}
Event: 39.659 GC heap before
{Heap before GC invocations=43 (full 0):
 garbage-first heap   total 202752K, used 154950K [0x0000000700000000, 0x0000000800000000)
  region size 2048K, 24 young (49152K), 2 survivors (4096K)
 Metaspace       used 80162K, committed 80832K, reserved 1122304K
  class space    used 11025K, committed 11328K, reserved 1048576K
}
Event: 39.680 GC heap after
{Heap after GC invocations=44 (full 0):
 garbage-first heap   total 202752K, used 114320K [0x0000000700000000, 0x0000000800000000)
  region size 2048K, 3 young (6144K), 3 survivors (6144K)
 Metaspace       used 80162K, committed 80832K, reserved 1122304K
  class space    used 11025K, committed 11328K, reserved 1048576K
}
Event: 40.238 GC heap before
{Heap before GC invocations=44 (full 0):
 garbage-first heap   total 202752K, used 128656K [0x0000000700000000, 0x0000000800000000)
  region size 2048K, 11 young (22528K), 3 survivors (6144K)
 Metaspace       used 82240K, committed 82816K, reserved 1122304K
  class space    used 11262K, committed 11520K, reserved 1048576K
}
Event: 40.251 GC heap after
{Heap after GC invocations=45 (full 0):
 garbage-first heap   total 202752K, used 116803K [0x0000000700000000, 0x0000000800000000)
  region size 2048K, 2 young (4096K), 2 survivors (4096K)
 Metaspace       used 82240K, committed 82816K, reserved 1122304K
  class space    used 11262K, committed 11520K, reserved 1048576K
}
Event: 41.497 GC heap before
{Heap before GC invocations=46 (full 0):
 garbage-first heap   total 225280K, used 168003K [0x0000000700000000, 0x0000000800000000)
  region size 2048K, 22 young (45056K), 2 survivors (4096K)
 Metaspace       used 85230K, committed 85888K, reserved 1130496K
  class space    used 11557K, committed 11840K, reserved 1048576K
}
Event: 41.517 GC heap after
{Heap after GC invocations=47 (full 0):
 garbage-first heap   total 225280K, used 137870K [0x0000000700000000, 0x0000000800000000)
  region size 2048K, 3 young (6144K), 3 survivors (6144K)
 Metaspace       used 85230K, committed 85888K, reserved 1130496K
  class space    used 11557K, committed 11840K, reserved 1048576K
}
Event: 42.824 GC heap before
{Heap before GC invocations=47 (full 0):
 garbage-first heap   total 225280K, used 176782K [0x0000000700000000, 0x0000000800000000)
  region size 2048K, 22 young (45056K), 3 survivors (6144K)
 Metaspace       used 90811K, committed 91392K, reserved 1130496K
  class space    used 12110K, committed 12352K, reserved 1048576K
}
Event: 42.838 GC heap after
{Heap after GC invocations=48 (full 0):
 garbage-first heap   total 225280K, used 140411K [0x0000000700000000, 0x0000000800000000)
  region size 2048K, 2 young (4096K), 2 survivors (4096K)
 Metaspace       used 90811K, committed 91392K, reserved 1130496K
  class space    used 12110K, committed 12352K, reserved 1048576K
}
Event: 44.508 GC heap before
{Heap before GC invocations=49 (full 0):
 garbage-first heap   total 245760K, used 177275K [0x0000000700000000, 0x0000000800000000)
  region size 2048K, 20 young (40960K), 2 survivors (4096K)
 Metaspace       used 95770K, committed 96448K, reserved 1138688K
  class space    used 12769K, committed 13056K, reserved 1048576K
}
Event: 44.519 GC heap after
{Heap after GC invocations=50 (full 0):
 garbage-first heap   total 245760K, used 142486K [0x0000000700000000, 0x0000000800000000)
  region size 2048K, 3 young (6144K), 3 survivors (6144K)
 Metaspace       used 95770K, committed 96448K, reserved 1138688K
  class space    used 12769K, committed 13056K, reserved 1048576K
}
Event: 46.726 GC heap before
{Heap before GC invocations=50 (full 0):
 garbage-first heap   total 245760K, used 191638K [0x0000000700000000, 0x0000000800000000)
  region size 2048K, 28 young (57344K), 3 survivors (6144K)
 Metaspace       used 98306K, committed 98944K, reserved 1138688K
  class space    used 13051K, committed 13312K, reserved 1048576K
}
Event: 46.740 GC heap after
{Heap after GC invocations=51 (full 0):
 garbage-first heap   total 245760K, used 145335K [0x0000000700000000, 0x0000000800000000)
  region size 2048K, 3 young (6144K), 3 survivors (6144K)
 Metaspace       used 98306K, committed 98944K, reserved 1138688K
  class space    used 13051K, committed 13312K, reserved 1048576K
}
Event: 48.893 GC heap before
{Heap before GC invocations=52 (full 0):
 garbage-first heap   total 256000K, used 196535K [0x0000000700000000, 0x0000000800000000)
  region size 2048K, 28 young (57344K), 3 survivors (6144K)
 Metaspace       used 102040K, committed 102656K, reserved 1138688K
  class space    used 13479K, committed 13760K, reserved 1048576K
}
Event: 48.912 GC heap after
{Heap after GC invocations=53 (full 0):
 garbage-first heap   total 256000K, used 148940K [0x0000000700000000, 0x0000000800000000)
  region size 2048K, 4 young (8192K), 4 survivors (8192K)
 Metaspace       used 102040K, committed 102656K, reserved 1138688K
  class space    used 13479K, committed 13760K, reserved 1048576K
}
Event: 51.331 GC heap before
{Heap before GC invocations=53 (full 0):
 garbage-first heap   total 256000K, used 204236K [0x0000000700000000, 0x0000000800000000)
  region size 2048K, 31 young (63488K), 4 survivors (8192K)
 Metaspace       used 108840K, committed 109440K, reserved 1146880K
  class space    used 14275K, committed 14528K, reserved 1048576K
}

