# JRE version: OpenJDK Runtime Environment (17.0.6) (build 17.0.6+0-b2043.56-10027231)
# Java VM: OpenJDK 64-Bit Server VM (17.0.6+0-b2043.56-10027231, mixed mode, tiered, compressed oops, compressed class ptrs, g1 gc, windows-amd64)
GC Precious Log:
 CPUs: 4 total, 4 available
 Memory: 10177M
 Large Page Support: Disabled
 NUMA Support: Disabled
 Compressed Oops: Enabled (Zero based)
 Heap Region Size: 2M
 Heap Min Capacity: 8M
 Heap Initial Capacity: 160M
 Heap Max Capacity: 4G
 Pre-touch: Disabled
 Parallel Workers: 4
 Concurrent Workers: 1
 Concurrent Refinement Workers: 4
 Periodic GC: Disabled
Heap:
 garbage-first heap   total 264192K, used 161854K [0x0000000700000000, 0x0000000800000000)
  region size 2048K, 9 young (18432K), 3 survivors (6144K)
 Metaspace       used 103111K, committed 103872K, reserved 1146880K
  class space    used 13751K, committed 14080K, reserved 1048576K
GC Heap History (20 events):
Event: 49.598 GC heap before
{Heap before GC invocations=36 (full 0):
 garbage-first heap   total 178176K, used 134585K [0x0000000700000000, 0x0000000800000000)
  region size 2048K, 18 young (36864K), 1 survivors (2048K)
 Metaspace       used 78984K, committed 79680K, reserved 1122304K
  class space    used 10943K, committed 11264K, reserved 1048576K
}
Event: 49.613 GC heap after
{Heap after GC invocations=37 (full 0):
 garbage-first heap   total 178176K, used 104197K [0x0000000700000000, 0x0000000800000000)
  region size 2048K, 3 young (6144K), 3 survivors (6144K)
 Metaspace       used 78984K, committed 79680K, reserved 1122304K
  class space    used 10943K, committed 11264K, reserved 1048576K
}
Event: 55.996 GC heap before
{Heap before GC invocations=38 (full 0):
 garbage-first heap   total 184320K, used 139013K [0x0000000700000000, 0x0000000800000000)
  region size 2048K, 20 young (40960K), 3 survivors (6144K)
 Metaspace       used 83031K, committed 83648K, reserved 1122304K
  class space    used 11478K, committed 11776K, reserved 1048576K
}
Event: 56.024 GC heap after
{Heap after GC invocations=39 (full 0):
 garbage-first heap   total 184320K, used 106953K [0x0000000700000000, 0x0000000800000000)
  region size 2048K, 3 young (6144K), 3 survivors (6144K)
 Metaspace       used 83031K, committed 83648K, reserved 1122304K
  class space    used 11478K, committed 11776K, reserved 1048576K
}
Event: 58.364 GC heap before
{Heap before GC invocations=39 (full 0):
 garbage-first heap   total 184320K, used 141769K [0x0000000700000000, 0x0000000800000000)
  region size 2048K, 22 young (45056K), 3 survivors (6144K)
 Metaspace       used 87200K, committed 87872K, reserved 1130496K
  class space    used 12001K, committed 12288K, reserved 1048576K
}
Event: 58.377 GC heap after
{Heap after GC invocations=40 (full 0):
 garbage-first heap   total 184320K, used 108366K [0x0000000700000000, 0x0000000800000000)
  region size 2048K, 3 young (6144K), 3 survivors (6144K)
 Metaspace       used 87200K, committed 87872K, reserved 1130496K
  class space    used 12001K, committed 12288K, reserved 1048576K
}
Event: 66.956 GC heap before
{Heap before GC invocations=41 (full 0):
 garbage-first heap   total 204800K, used 147278K [0x0000000700000000, 0x0000000800000000)
  region size 2048K, 21 young (43008K), 3 survivors (6144K)
 Metaspace       used 92950K, committed 93632K, reserved 1130496K
  class space    used 12730K, committed 13056K, reserved 1048576K
}
Event: 67.006 GC heap after
{Heap after GC invocations=42 (full 0):
 garbage-first heap   total 204800K, used 112926K [0x0000000700000000, 0x0000000800000000)
  region size 2048K, 2 young (4096K), 2 survivors (4096K)
 Metaspace       used 92950K, committed 93632K, reserved 1130496K
  class space    used 12730K, committed 13056K, reserved 1048576K
}
Event: 67.574 GC heap before
{Heap before GC invocations=42 (full 0):
 garbage-first heap   total 204800K, used 112926K [0x0000000700000000, 0x0000000800000000)
  region size 2048K, 3 young (6144K), 2 survivors (4096K)
 Metaspace       used 93157K, committed 93888K, reserved 1130496K
  class space    used 12758K, committed 13056K, reserved 1048576K
}
Event: 67.590 GC heap after
{Heap after GC invocations=43 (full 0):
 garbage-first heap   total 204800K, used 112973K [0x0000000700000000, 0x0000000800000000)
  region size 2048K, 2 young (4096K), 2 survivors (4096K)
 Metaspace       used 93157K, committed 93888K, reserved 1130496K
  class space    used 12758K, committed 13056K, reserved 1048576K
}
Event: 71.894 GC heap before
{Heap before GC invocations=44 (full 0):
 garbage-first heap   total 208896K, used 172365K [0x0000000700000000, 0x0000000800000000)
  region size 2048K, 28 young (57344K), 2 survivors (4096K)
 Metaspace       used 93318K, committed 94080K, reserved 1130496K
  class space    used 12768K, committed 13120K, reserved 1048576K
}
Event: 71.964 GC heap after
{Heap after GC invocations=45 (full 0):
 garbage-first heap   total 208896K, used 128603K [0x0000000700000000, 0x0000000800000000)
  region size 2048K, 4 young (8192K), 4 survivors (8192K)
 Metaspace       used 93318K, committed 94080K, reserved 1130496K
  class space    used 12768K, committed 13120K, reserved 1048576K
}
Event: 75.814 GC heap before
{Heap before GC invocations=45 (full 0):
 garbage-first heap   total 208896K, used 165467K [0x0000000700000000, 0x0000000800000000)
  region size 2048K, 22 young (45056K), 4 survivors (8192K)
 Metaspace       used 93653K, committed 94336K, reserved 1130496K
  class space    used 12792K, committed 13120K, reserved 1048576K
}
Event: 75.860 GC heap after
{Heap after GC invocations=46 (full 0):
 garbage-first heap   total 208896K, used 139119K [0x0000000700000000, 0x0000000800000000)
  region size 2048K, 3 young (6144K), 3 survivors (6144K)
 Metaspace       used 93653K, committed 94336K, reserved 1130496K
  class space    used 12792K, committed 13120K, reserved 1048576K
}
Event: 79.347 GC heap before
{Heap before GC invocations=47 (full 0):
 garbage-first heap   total 239616K, used 167791K [0x0000000700000000, 0x0000000800000000)
  region size 2048K, 17 young (34816K), 3 survivors (6144K)
 Metaspace       used 97501K, committed 98176K, reserved 1138688K
  class space    used 13251K, committed 13568K, reserved 1048576K
}
Event: 79.360 GC heap after
{Heap after GC invocations=48 (full 0):
 garbage-first heap   total 239616K, used 142434K [0x0000000700000000, 0x0000000800000000)
  region size 2048K, 1 young (2048K), 1 survivors (2048K)
 Metaspace       used 97501K, committed 98176K, reserved 1138688K
  class space    used 13251K, committed 13568K, reserved 1048576K
}
Event: 79.437 GC heap before
{Heap before GC invocations=48 (full 0):
 garbage-first heap   total 239616K, used 144482K [0x0000000700000000, 0x0000000800000000)
  region size 2048K, 3 young (6144K), 1 survivors (2048K)
 Metaspace       used 97662K, committed 98304K, reserved 1138688K
  class space    used 13270K, committed 13568K, reserved 1048576K
}
Event: 79.442 GC heap after
{Heap after GC invocations=49 (full 0):
 garbage-first heap   total 239616K, used 142557K [0x0000000700000000, 0x0000000800000000)
  region size 2048K, 2 young (4096K), 2 survivors (4096K)
 Metaspace       used 97662K, committed 98304K, reserved 1138688K
  class space    used 13270K, committed 13568K, reserved 1048576K
}
Event: 81.902 GC heap before
{Heap before GC invocations=50 (full 0):
 garbage-first heap   total 264192K, used 189661K [0x0000000700000000, 0x0000000800000000)
  region size 2048K, 22 young (45056K), 2 survivors (4096K)
 Metaspace       used 101347K, committed 102080K, reserved 1138688K
  class space    used 13632K, committed 13952K, reserved 1048576K
}
Event: 81.930 GC heap after
{Heap after GC invocations=51 (full 0):
 garbage-first heap   total 264192K, used 153662K [0x0000000700000000, 0x0000000800000000)
  region size 2048K, 3 young (6144K), 3 survivors (6144K)
 Metaspace       used 101347K, committed 102080K, reserved 1138688K
  class space    used 13632K, committed 13952K, reserved 1048576K
}

