# JRE version: OpenJDK Runtime Environment (17.0.6) (build 17.0.6+0-b2043.56-10027231)
# Java VM: OpenJDK 64-Bit Server VM (17.0.6+0-b2043.56-10027231, mixed mode, tiered, compressed oops, compressed class ptrs, g1 gc, windows-amd64)
GC Precious Log:
 CPUs: 4 total, 4 available
 Memory: 10177M
 Large Page Support: Disabled
 NUMA Support: Disabled
 Compressed Oops: Enabled (Zero based)
 Heap Region Size: 2M
 Heap Min Capacity: 8M
 Heap Initial Capacity: 160M
 Heap Max Capacity: 4G
 Pre-touch: Disabled
 Parallel Workers: 4
 Concurrent Workers: 1
 Concurrent Refinement Workers: 4
 Periodic GC: Disabled
Heap:
 garbage-first heap   total 1021952K, used 481875K [0x0000000700000000, 0x0000000800000000)
  region size 2048K, 3 young (6144K), 3 survivors (6144K)
 Metaspace       used 139762K, committed 140736K, reserved 1171456K
  class space    used 17975K, committed 18432K, reserved 1048576K
GC Heap History (20 events):
Event: 1718.381 GC heap after
{Heap after GC invocations=139 (full 0):
 garbage-first heap   total 1021952K, used 645974K [0x0000000700000000, 0x0000000800000000)
  region size 2048K, 16 young (32768K), 16 survivors (32768K)
 Metaspace       used 138882K, committed 139840K, reserved 1171456K
  class space    used 17897K, committed 18368K, reserved 1048576K
}
Event: 1724.316 GC heap before
{Heap before GC invocations=139 (full 0):
 garbage-first heap   total 1021952K, used 828246K [0x0000000700000000, 0x0000000800000000)
  region size 2048K, 105 young (215040K), 16 survivors (32768K)
 Metaspace       used 139034K, committed 139968K, reserved 1171456K
  class space    used 17900K, committed 18368K, reserved 1048576K
}
Event: 1724.377 GC heap after
{Heap after GC invocations=140 (full 0):
 garbage-first heap   total 1021952K, used 652288K [0x0000000700000000, 0x0000000800000000)
  region size 2048K, 4 young (8192K), 4 survivors (8192K)
 Metaspace       used 139034K, committed 139968K, reserved 1171456K
  class space    used 17900K, committed 18368K, reserved 1048576K
}
Event: 1732.725 GC heap before
{Heap before GC invocations=140 (full 0):
 garbage-first heap   total 1021952K, used 928768K [0x0000000700000000, 0x0000000800000000)
  region size 2048K, 97 young (198656K), 4 survivors (8192K)
 Metaspace       used 139215K, committed 140160K, reserved 1171456K
  class space    used 17903K, committed 18368K, reserved 1048576K
}
Event: 1732.761 GC heap after
{Heap after GC invocations=141 (full 0):
 garbage-first heap   total 1021952K, used 739328K [0x0000000700000000, 0x0000000800000000)
  region size 2048K, 13 young (26624K), 13 survivors (26624K)
 Metaspace       used 139215K, committed 140160K, reserved 1171456K
  class space    used 17903K, committed 18368K, reserved 1048576K
}
Event: 1734.615 GC heap before
{Heap before GC invocations=141 (full 0):
 garbage-first heap   total 1021952K, used 858111K [0x0000000700000000, 0x0000000800000000)
  region size 2048K, 70 young (143360K), 13 survivors (26624K)
 Metaspace       used 139272K, committed 140160K, reserved 1171456K
  class space    used 17912K, committed 18368K, reserved 1048576K
}
Event: 1734.759 GC heap after
{Heap after GC invocations=142 (full 0):
 garbage-first heap   total 1021952K, used 774137K [0x0000000700000000, 0x0000000800000000)
  region size 2048K, 9 young (18432K), 9 survivors (18432K)
 Metaspace       used 139272K, committed 140160K, reserved 1171456K
  class space    used 17912K, committed 18368K, reserved 1048576K
}
Event: 1736.559 GC heap before
{Heap before GC invocations=142 (full 0):
 garbage-first heap   total 1021952K, used 858105K [0x0000000700000000, 0x0000000800000000)
  region size 2048K, 51 young (104448K), 9 survivors (18432K)
 Metaspace       used 139290K, committed 140224K, reserved 1171456K
  class space    used 17914K, committed 18368K, reserved 1048576K
}
Event: 1736.706 GC heap after
{Heap after GC invocations=143 (full 0):
 garbage-first heap   total 1021952K, used 808960K [0x0000000700000000, 0x0000000800000000)
  region size 2048K, 7 young (14336K), 7 survivors (14336K)
 Metaspace       used 139290K, committed 140224K, reserved 1171456K
  class space    used 17914K, committed 18368K, reserved 1048576K
}
Event: 1737.127 GC heap before
{Heap before GC invocations=143 (full 0):
 garbage-first heap   total 1021952K, used 868352K [0x0000000700000000, 0x0000000800000000)
  region size 2048K, 36 young (73728K), 7 survivors (14336K)
 Metaspace       used 139307K, committed 140224K, reserved 1171456K
  class space    used 17915K, committed 18368K, reserved 1048576K
}
Event: 1737.311 GC heap after
{Heap after GC invocations=144 (full 0):
 garbage-first heap   total 1021952K, used 840704K [0x0000000700000000, 0x0000000800000000)
  region size 2048K, 5 young (10240K), 5 survivors (10240K)
 Metaspace       used 139307K, committed 140224K, reserved 1171456K
  class space    used 17915K, committed 18368K, reserved 1048576K
}
Event: 1737.884 GC heap before
{Heap before GC invocations=144 (full 0):
 garbage-first heap   total 1021952K, used 879616K [0x0000000700000000, 0x0000000800000000)
  region size 2048K, 24 young (49152K), 5 survivors (10240K)
 Metaspace       used 139319K, committed 140224K, reserved 1171456K
  class space    used 17915K, committed 18368K, reserved 1048576K
}
Event: 1737.964 GC heap after
{Heap after GC invocations=145 (full 0):
 garbage-first heap   total 1021952K, used 863232K [0x0000000700000000, 0x0000000800000000)
  region size 2048K, 3 young (6144K), 3 survivors (6144K)
 Metaspace       used 139319K, committed 140224K, reserved 1171456K
  class space    used 17915K, committed 18368K, reserved 1048576K
}
Event: 1738.268 GC heap before
{Heap before GC invocations=145 (full 0):
 garbage-first heap   total 1021952K, used 906240K [0x0000000700000000, 0x0000000800000000)
  region size 2048K, 24 young (49152K), 3 survivors (6144K)
 Metaspace       used 139329K, committed 140224K, reserved 1171456K
  class space    used 17915K, committed 18368K, reserved 1048576K
}
Event: 1738.361 GC heap after
{Heap after GC invocations=146 (full 0):
 garbage-first heap   total 1021952K, used 887808K [0x0000000700000000, 0x0000000800000000)
  region size 2048K, 3 young (6144K), 3 survivors (6144K)
 Metaspace       used 139329K, committed 140224K, reserved 1171456K
  class space    used 17915K, committed 18368K, reserved 1048576K
}
Event: 1738.719 GC heap before
{Heap before GC invocations=146 (full 0):
 garbage-first heap   total 1021952K, used 930816K [0x0000000700000000, 0x0000000800000000)
  region size 2048K, 24 young (49152K), 3 survivors (6144K)
 Metaspace       used 139331K, committed 140224K, reserved 1171456K
  class space    used 17915K, committed 18368K, reserved 1048576K
}
Event: 1738.846 GC heap after
{Heap after GC invocations=147 (full 0):
 garbage-first heap   total 1021952K, used 911360K [0x0000000700000000, 0x0000000800000000)
  region size 2048K, 3 young (6144K), 3 survivors (6144K)
 Metaspace       used 139331K, committed 140224K, reserved 1171456K
  class space    used 17915K, committed 18368K, reserved 1048576K
}
Event: 1741.269 GC heap before
{Heap before GC invocations=148 (full 0):
 garbage-first heap   total 1021952K, used 606208K [0x0000000700000000, 0x0000000800000000)
  region size 2048K, 24 young (49152K), 3 survivors (6144K)
 Metaspace       used 139570K, committed 140544K, reserved 1171456K
  class space    used 17937K, committed 18432K, reserved 1048576K
}
Event: 1741.301 GC heap after
{Heap after GC invocations=149 (full 0):
 garbage-first heap   total 1021952K, used 575488K [0x0000000700000000, 0x0000000800000000)
  region size 2048K, 3 young (6144K), 3 survivors (6144K)
 Metaspace       used 139570K, committed 140544K, reserved 1171456K
  class space    used 17937K, committed 18432K, reserved 1048576K
}
Event: 1741.913 GC heap before
{Heap before GC invocations=149 (full 0):
 garbage-first heap   total 1021952K, used 618496K [0x0000000700000000, 0x0000000800000000)
  region size 2048K, 24 young (49152K), 3 survivors (6144K)
 Metaspace       used 139762K, committed 140736K, reserved 1171456K
  class space    used 17975K, committed 18432K, reserved 1048576K
}

