# JRE version: OpenJDK Runtime Environment (17.0.6) (build 17.0.6+0-b2043.56-10027231)
# Java VM: OpenJDK 64-Bit Server VM (17.0.6+0-b2043.56-10027231, mixed mode, tiered, compressed oops, compressed class ptrs, g1 gc, windows-amd64)
GC Precious Log:
 CPUs: 4 total, 4 available
 Memory: 10177M
 Large Page Support: Disabled
 NUMA Support: Disabled
 Compressed Oops: Enabled (Zero based)
 Heap Region Size: 2M
 Heap Min Capacity: 8M
 Heap Initial Capacity: 160M
 Heap Max Capacity: 4G
 Pre-touch: Disabled
 Parallel Workers: 4
 Concurrent Workers: 1
 Concurrent Refinement Workers: 4
 Periodic GC: Disabled
Heap:
 garbage-first heap   total 249856K, used 167411K [0x0000000700000000, 0x0000000800000000)
  region size 2048K, 3 young (6144K), 3 survivors (6144K)
 Metaspace       used 134700K, committed 135424K, reserved 1171456K
  class space    used 17320K, committed 17664K, reserved 1048576K
GC Heap History (20 events):
Event: 67.875 GC heap after
{Heap after GC invocations=45 (full 0):
 garbage-first heap   total 202752K, used 117386K [0x0000000700000000, 0x0000000800000000)
  region size 2048K, 1 young (2048K), 1 survivors (2048K)
 Metaspace       used 110675K, committed 111296K, reserved 1146880K
  class space    used 14139K, committed 14400K, reserved 1048576K
}
Event: 71.017 GC heap before
{Heap before GC invocations=46 (full 0):
 garbage-first heap   total 204800K, used 170634K [0x0000000700000000, 0x0000000800000000)
  region size 2048K, 27 young (55296K), 1 survivors (2048K)
 Metaspace       used 115773K, committed 116416K, reserved 1155072K
  class space    used 14960K, committed 15232K, reserved 1048576K
}
Event: 71.032 GC heap after
{Heap after GC invocations=47 (full 0):
 garbage-first heap   total 204800K, used 120825K [0x0000000700000000, 0x0000000800000000)
  region size 2048K, 3 young (6144K), 3 survivors (6144K)
 Metaspace       used 115773K, committed 116416K, reserved 1155072K
  class space    used 14960K, committed 15232K, reserved 1048576K
}
Event: 72.309 GC heap before
{Heap before GC invocations=47 (full 0):
 garbage-first heap   total 204800K, used 141305K [0x0000000700000000, 0x0000000800000000)
  region size 2048K, 15 young (30720K), 3 survivors (6144K)
 Metaspace       used 116282K, committed 116928K, reserved 1155072K
  class space    used 14993K, committed 15296K, reserved 1048576K
}
Event: 72.318 GC heap after
{Heap after GC invocations=48 (full 0):
 garbage-first heap   total 204800K, used 124053K [0x0000000700000000, 0x0000000800000000)
  region size 2048K, 2 young (4096K), 2 survivors (4096K)
 Metaspace       used 116282K, committed 116928K, reserved 1155072K
  class space    used 14993K, committed 15296K, reserved 1048576K
}
Event: 74.959 GC heap before
{Heap before GC invocations=49 (full 0):
 garbage-first heap   total 219136K, used 175253K [0x0000000700000000, 0x0000000800000000)
  region size 2048K, 25 young (51200K), 2 survivors (4096K)
 Metaspace       used 122205K, committed 122880K, reserved 1163264K
  class space    used 15712K, committed 16000K, reserved 1048576K
}
Event: 74.972 GC heap after
{Heap after GC invocations=50 (full 0):
 garbage-first heap   total 219136K, used 136980K [0x0000000700000000, 0x0000000800000000)
  region size 2048K, 4 young (8192K), 4 survivors (8192K)
 Metaspace       used 122205K, committed 122880K, reserved 1163264K
  class space    used 15712K, committed 16000K, reserved 1048576K
}
Event: 75.086 GC heap before
{Heap before GC invocations=50 (full 0):
 garbage-first heap   total 219136K, used 139028K [0x0000000700000000, 0x0000000800000000)
  region size 2048K, 5 young (10240K), 4 survivors (8192K)
 Metaspace       used 122624K, committed 123328K, reserved 1163264K
  class space    used 15752K, committed 16064K, reserved 1048576K
}
Event: 75.097 GC heap after
{Heap after GC invocations=51 (full 0):
 garbage-first heap   total 219136K, used 135069K [0x0000000700000000, 0x0000000800000000)
  region size 2048K, 1 young (2048K), 1 survivors (2048K)
 Metaspace       used 122624K, committed 123328K, reserved 1163264K
  class space    used 15752K, committed 16064K, reserved 1048576K
}
Event: 77.427 GC heap before
{Heap before GC invocations=51 (full 0):
 garbage-first heap   total 219136K, used 178077K [0x0000000700000000, 0x0000000800000000)
  region size 2048K, 23 young (47104K), 1 survivors (2048K)
 Metaspace       used 127709K, committed 128448K, reserved 1163264K
  class space    used 16460K, committed 16832K, reserved 1048576K
}
Event: 77.438 GC heap after
{Heap after GC invocations=52 (full 0):
 garbage-first heap   total 219136K, used 139237K [0x0000000700000000, 0x0000000800000000)
  region size 2048K, 3 young (6144K), 3 survivors (6144K)
 Metaspace       used 127709K, committed 128448K, reserved 1163264K
  class space    used 16460K, committed 16832K, reserved 1048576K
}
Event: 79.478 GC heap before
{Heap before GC invocations=52 (full 0):
 garbage-first heap   total 219136K, used 180197K [0x0000000700000000, 0x0000000800000000)
  region size 2048K, 23 young (47104K), 3 survivors (6144K)
 Metaspace       used 131883K, committed 132608K, reserved 1171456K
  class space    used 16985K, committed 17344K, reserved 1048576K
}
Event: 79.491 GC heap after
{Heap after GC invocations=53 (full 0):
 garbage-first heap   total 219136K, used 142317K [0x0000000700000000, 0x0000000800000000)
  region size 2048K, 2 young (4096K), 2 survivors (4096K)
 Metaspace       used 131883K, committed 132608K, reserved 1171456K
  class space    used 16985K, committed 17344K, reserved 1048576K
}
Event: 81.709 GC heap before
{Heap before GC invocations=53 (full 0):
 garbage-first heap   total 219136K, used 183277K [0x0000000700000000, 0x0000000800000000)
  region size 2048K, 22 young (45056K), 2 survivors (4096K)
 Metaspace       used 134551K, committed 135232K, reserved 1171456K
  class space    used 17319K, committed 17664K, reserved 1048576K
}
Event: 81.725 GC heap after
{Heap after GC invocations=54 (full 0):
 garbage-first heap   total 219136K, used 145040K [0x0000000700000000, 0x0000000800000000)
  region size 2048K, 3 young (6144K), 3 survivors (6144K)
 Metaspace       used 134551K, committed 135232K, reserved 1171456K
  class space    used 17319K, committed 17664K, reserved 1048576K
}
Event: 82.895 GC heap before
{Heap before GC invocations=55 (full 0):
 garbage-first heap   total 249856K, used 181904K [0x0000000700000000, 0x0000000800000000)
  region size 2048K, 21 young (43008K), 3 survivors (6144K)
 Metaspace       used 134594K, committed 135296K, reserved 1171456K
  class space    used 17320K, committed 17664K, reserved 1048576K
}
Event: 82.924 GC heap after
{Heap after GC invocations=56 (full 0):
 garbage-first heap   total 249856K, used 155420K [0x0000000700000000, 0x0000000800000000)
  region size 2048K, 3 young (6144K), 3 survivors (6144K)
 Metaspace       used 134594K, committed 135296K, reserved 1171456K
  class space    used 17320K, committed 17664K, reserved 1048576K
}
Event: 83.009 GC heap before
{Heap before GC invocations=56 (full 0):
 garbage-first heap   total 249856K, used 161564K [0x0000000700000000, 0x0000000800000000)
  region size 2048K, 6 young (12288K), 3 survivors (6144K)
 Metaspace       used 134594K, committed 135296K, reserved 1171456K
  class space    used 17320K, committed 17664K, reserved 1048576K
}
Event: 83.026 GC heap after
{Heap after GC invocations=57 (full 0):
 garbage-first heap   total 249856K, used 158073K [0x0000000700000000, 0x0000000800000000)
  region size 2048K, 1 young (2048K), 1 survivors (2048K)
 Metaspace       used 134594K, committed 135296K, reserved 1171456K
  class space    used 17320K, committed 17664K, reserved 1048576K
}
Event: 85.325 GC heap before
{Heap before GC invocations=57 (full 0):
 garbage-first heap   total 249856K, used 201081K [0x0000000700000000, 0x0000000800000000)
  region size 2048K, 22 young (45056K), 1 survivors (2048K)
 Metaspace       used 134700K, committed 135424K, reserved 1171456K
  class space    used 17320K, committed 17664K, reserved 1048576K
}

