# JRE version: OpenJDK Runtime Environment (17.0.6) (build 17.0.6+0-b2043.56-10027231)
# Java VM: OpenJDK 64-Bit Server VM (17.0.6+0-b2043.56-10027231, mixed mode, tiered, compressed oops, compressed class ptrs, g1 gc, windows-amd64)
GC Precious Log:
 CPUs: 4 total, 4 available
 Memory: 10177M
 Large Page Support: Disabled
 NUMA Support: Disabled
 Compressed Oops: Enabled (Zero based)
 Heap Region Size: 2M
 Heap Min Capacity: 8M
 Heap Initial Capacity: 160M
 Heap Max Capacity: 4G
 Pre-touch: Disabled
 Parallel Workers: 4
 Concurrent Workers: 1
 Concurrent Refinement Workers: 4
 Periodic GC: Disabled
Heap:
 garbage-first heap   total 931840K, used 782902K [0x0000000700000000, 0x0000000800000000)
  region size 2048K, 83 young (169984K), 3 survivors (6144K)
 Metaspace       used 268432K, committed 270848K, reserved 1286144K
  class space    used 33666K, committed 34816K, reserved 1048576K
GC Heap History (20 events):
Event: 4595.360 GC heap before
{Heap before GC invocations=143 (full 0):
 garbage-first heap   total 931840K, used 709422K [0x0000000700000000, 0x0000000800000000)
  region size 2048K, 84 young (172032K), 6 survivors (12288K)
 Metaspace       used 246770K, committed 249088K, reserved 1269760K
  class space    used 30555K, committed 31680K, reserved 1048576K
}
Event: 4595.381 GC heap after
{Heap after GC invocations=144 (full 0):
 garbage-first heap   total 931840K, used 557408K [0x0000000700000000, 0x0000000800000000)
  region size 2048K, 4 young (8192K), 4 survivors (8192K)
 Metaspace       used 246770K, committed 249088K, reserved 1269760K
  class space    used 30555K, committed 31680K, reserved 1048576K
}
Event: 4602.421 GC heap before
{Heap before GC invocations=144 (full 0):
 garbage-first heap   total 931840K, used 764256K [0x0000000700000000, 0x0000000800000000)
  region size 2048K, 105 young (215040K), 4 survivors (8192K)
 Metaspace       used 249362K, committed 251776K, reserved 1269760K
  class space    used 30869K, committed 32064K, reserved 1048576K
}
Event: 4602.458 GC heap after
{Heap after GC invocations=145 (full 0):
 garbage-first heap   total 931840K, used 562917K [0x0000000700000000, 0x0000000800000000)
  region size 2048K, 6 young (12288K), 6 survivors (12288K)
 Metaspace       used 249362K, committed 251776K, reserved 1269760K
  class space    used 30869K, committed 32064K, reserved 1048576K
}
Event: 4604.151 GC heap before
{Heap before GC invocations=145 (full 0):
 garbage-first heap   total 931840K, used 775909K [0x0000000700000000, 0x0000000800000000)
  region size 2048K, 111 young (227328K), 6 survivors (12288K)
 Metaspace       used 249388K, committed 251776K, reserved 1269760K
  class space    used 30869K, committed 32064K, reserved 1048576K
}
Event: 4604.175 GC heap after
{Heap after GC invocations=146 (full 0):
 garbage-first heap   total 931840K, used 563942K [0x0000000700000000, 0x0000000800000000)
  region size 2048K, 7 young (14336K), 7 survivors (14336K)
 Metaspace       used 249388K, committed 251776K, reserved 1269760K
  class space    used 30869K, committed 32064K, reserved 1048576K
}
Event: 4605.493 GC heap before
{Heap before GC invocations=146 (full 0):
 garbage-first heap   total 931840K, used 785126K [0x0000000700000000, 0x0000000800000000)
  region size 2048K, 116 young (237568K), 7 survivors (14336K)
 Metaspace       used 249466K, committed 251840K, reserved 1269760K
  class space    used 30877K, committed 32064K, reserved 1048576K
}
Event: 4605.516 GC heap after
{Heap after GC invocations=147 (full 0):
 garbage-first heap   total 931840K, used 564101K [0x0000000700000000, 0x0000000800000000)
  region size 2048K, 7 young (14336K), 7 survivors (14336K)
 Metaspace       used 249466K, committed 251840K, reserved 1269760K
  class space    used 30877K, committed 32064K, reserved 1048576K
}
Event: 4618.353 GC heap before
{Heap before GC invocations=147 (full 0):
 garbage-first heap   total 931840K, used 793477K [0x0000000700000000, 0x0000000800000000)
  region size 2048K, 120 young (245760K), 7 survivors (14336K)
 Metaspace       used 266237K, committed 268672K, reserved 1286144K
  class space    used 33439K, committed 34624K, reserved 1048576K
}
Event: 4618.394 GC heap after
{Heap after GC invocations=148 (full 0):
 garbage-first heap   total 931840K, used 569695K [0x0000000700000000, 0x0000000800000000)
  region size 2048K, 10 young (20480K), 10 survivors (20480K)
 Metaspace       used 266237K, committed 268672K, reserved 1286144K
  class space    used 33439K, committed 34624K, reserved 1048576K
}
Event: 4621.787 GC heap before
{Heap before GC invocations=148 (full 0):
 garbage-first heap   total 931840K, used 801119K [0x0000000700000000, 0x0000000800000000)
  region size 2048K, 123 young (251904K), 10 survivors (20480K)
 Metaspace       used 267920K, committed 270272K, reserved 1286144K
  class space    used 33643K, committed 34816K, reserved 1048576K
}
Event: 4621.844 GC heap after
{Heap after GC invocations=149 (full 0):
 garbage-first heap   total 931840K, used 573591K [0x0000000700000000, 0x0000000800000000)
  region size 2048K, 9 young (18432K), 9 survivors (18432K)
 Metaspace       used 267920K, committed 270272K, reserved 1286144K
  class space    used 33643K, committed 34816K, reserved 1048576K
}
Event: 4625.354 GC heap before
{Heap before GC invocations=149 (full 0):
 garbage-first heap   total 931840K, used 802967K [0x0000000700000000, 0x0000000800000000)
  region size 2048K, 121 young (247808K), 9 survivors (18432K)
 Metaspace       used 268166K, committed 270528K, reserved 1286144K
  class space    used 33647K, committed 34816K, reserved 1048576K
}
Event: 4625.489 GC heap after
{Heap after GC invocations=150 (full 0):
 garbage-first heap   total 931840K, used 601124K [0x0000000700000000, 0x0000000800000000)
  region size 2048K, 16 young (32768K), 16 survivors (32768K)
 Metaspace       used 268166K, committed 270528K, reserved 1286144K
  class space    used 33647K, committed 34816K, reserved 1048576K
}
Event: 4627.898 GC heap before
{Heap before GC invocations=150 (full 0):
 garbage-first heap   total 931840K, used 793636K [0x0000000700000000, 0x0000000800000000)
  region size 2048K, 110 young (225280K), 16 survivors (32768K)
 Metaspace       used 268233K, committed 270656K, reserved 1286144K
  class space    used 33653K, committed 34816K, reserved 1048576K
}
Event: 4627.992 GC heap after
{Heap after GC invocations=151 (full 0):
 garbage-first heap   total 931840K, used 615183K [0x0000000700000000, 0x0000000800000000)
  region size 2048K, 7 young (14336K), 7 survivors (14336K)
 Metaspace       used 268233K, committed 270656K, reserved 1286144K
  class space    used 33653K, committed 34816K, reserved 1048576K
}
Event: 4629.534 GC heap before
{Heap before GC invocations=151 (full 0):
 garbage-first heap   total 931840K, used 795407K [0x0000000700000000, 0x0000000800000000)
  region size 2048K, 95 young (194560K), 7 survivors (14336K)
 Metaspace       used 268280K, committed 270720K, reserved 1286144K
  class space    used 33656K, committed 34816K, reserved 1048576K
}
Event: 4629.588 GC heap after
{Heap after GC invocations=152 (full 0):
 garbage-first heap   total 931840K, used 623017K [0x0000000700000000, 0x0000000800000000)
  region size 2048K, 4 young (8192K), 4 survivors (8192K)
 Metaspace       used 268280K, committed 270720K, reserved 1286144K
  class space    used 33656K, committed 34816K, reserved 1048576K
}
Event: 4630.894 GC heap before
{Heap before GC invocations=152 (full 0):
 garbage-first heap   total 931840K, used 801193K [0x0000000700000000, 0x0000000800000000)
  region size 2048K, 91 young (186368K), 4 survivors (8192K)
 Metaspace       used 268351K, committed 270784K, reserved 1286144K
  class space    used 33664K, committed 34816K, reserved 1048576K
}
Event: 4630.911 GC heap after
{Heap after GC invocations=153 (full 0):
 garbage-first heap   total 931840K, used 621110K [0x0000000700000000, 0x0000000800000000)
  region size 2048K, 3 young (6144K), 3 survivors (6144K)
 Metaspace       used 268351K, committed 270784K, reserved 1286144K
  class space    used 33664K, committed 34816K, reserved 1048576K
}

