# JRE version: OpenJDK Runtime Environment (17.0.6) (build 17.0.6+0-b2043.56-10027231)
# Java VM: OpenJDK 64-Bit Server VM (17.0.6+0-b2043.56-10027231, mixed mode, tiered, compressed oops, compressed class ptrs, g1 gc, windows-amd64)
GC Precious Log:
 CPUs: 4 total, 4 available
 Memory: 10177M
 Large Page Support: Disabled
 NUMA Support: Disabled
 Compressed Oops: Enabled (Zero based)
 Heap Region Size: 2M
 Heap Min Capacity: 8M
 Heap Initial Capacity: 160M
 Heap Max Capacity: 4G
 Pre-touch: Disabled
 Parallel Workers: 4
 Concurrent Workers: 1
 Concurrent Refinement Workers: 4
 Periodic GC: Disabled
Heap:
 garbage-first heap   total 284672K, used 167439K [0x0000000700000000, 0x0000000800000000)
  region size 2048K, 5 young (10240K), 5 survivors (10240K)
 Metaspace       used 123855K, committed 124736K, reserved 1163264K
  class space    used 15967K, committed 16448K, reserved 1048576K
GC Heap History (20 events):
Event: 291.096 GC heap after
{Heap after GC invocations=68 (full 0):
 garbage-first heap   total 284672K, used 158114K [0x0000000700000000, 0x0000000800000000)
  region size 2048K, 5 young (10240K), 5 survivors (10240K)
 Metaspace       used 111749K, committed 112640K, reserved 1146880K
  class space    used 14472K, committed 14912K, reserved 1048576K
}
Event: 296.893 GC heap before
{Heap before GC invocations=68 (full 0):
 garbage-first heap   total 284672K, used 215458K [0x0000000700000000, 0x0000000800000000)
  region size 2048K, 33 young (67584K), 5 survivors (10240K)
 Metaspace       used 113030K, committed 113856K, reserved 1155072K
  class space    used 14569K, committed 14976K, reserved 1048576K
}
Event: 296.916 GC heap after
{Heap after GC invocations=69 (full 0):
 garbage-first heap   total 284672K, used 167714K [0x0000000700000000, 0x0000000800000000)
  region size 2048K, 5 young (10240K), 5 survivors (10240K)
 Metaspace       used 113030K, committed 113856K, reserved 1155072K
  class space    used 14569K, committed 14976K, reserved 1048576K
}
Event: 300.392 GC heap before
{Heap before GC invocations=69 (full 0):
 garbage-first heap   total 284672K, used 220962K [0x0000000700000000, 0x0000000800000000)
  region size 2048K, 31 young (63488K), 5 survivors (10240K)
 Metaspace       used 113535K, committed 114368K, reserved 1155072K
  class space    used 14609K, committed 15040K, reserved 1048576K
}
Event: 300.402 GC heap after
{Heap after GC invocations=70 (full 0):
 garbage-first heap   total 284672K, used 163104K [0x0000000700000000, 0x0000000800000000)
  region size 2048K, 1 young (2048K), 1 survivors (2048K)
 Metaspace       used 113535K, committed 114368K, reserved 1155072K
  class space    used 14609K, committed 15040K, reserved 1048576K
}
Event: 310.416 GC heap before
{Heap before GC invocations=70 (full 0):
 garbage-first heap   total 284672K, used 224544K [0x0000000700000000, 0x0000000800000000)
  region size 2048K, 32 young (65536K), 1 survivors (2048K)
 Metaspace       used 115656K, committed 116480K, reserved 1155072K
  class space    used 14856K, committed 15232K, reserved 1048576K
}
Event: 310.427 GC heap after
{Heap after GC invocations=71 (full 0):
 garbage-first heap   total 284672K, used 164676K [0x0000000700000000, 0x0000000800000000)
  region size 2048K, 2 young (4096K), 2 survivors (4096K)
 Metaspace       used 115656K, committed 116480K, reserved 1155072K
  class space    used 14856K, committed 15232K, reserved 1048576K
}
Event: 315.198 GC heap before
{Heap before GC invocations=71 (full 0):
 garbage-first heap   total 284672K, used 230212K [0x0000000700000000, 0x0000000800000000)
  region size 2048K, 35 young (71680K), 2 survivors (4096K)
 Metaspace       used 116845K, committed 117696K, reserved 1155072K
  class space    used 14992K, committed 15424K, reserved 1048576K
}
Event: 315.221 GC heap after
{Heap after GC invocations=72 (full 0):
 garbage-first heap   total 284672K, used 170238K [0x0000000700000000, 0x0000000800000000)
  region size 2048K, 5 young (10240K), 5 survivors (10240K)
 Metaspace       used 116845K, committed 117696K, reserved 1155072K
  class space    used 14992K, committed 15424K, reserved 1048576K
}
Event: 323.422 GC heap before
{Heap before GC invocations=72 (full 0):
 garbage-first heap   total 284672K, used 229630K [0x0000000700000000, 0x0000000800000000)
  region size 2048K, 35 young (71680K), 5 survivors (10240K)
 Metaspace       used 117754K, committed 118592K, reserved 1155072K
  class space    used 15120K, committed 15552K, reserved 1048576K
}
Event: 323.441 GC heap after
{Heap after GC invocations=73 (full 0):
 garbage-first heap   total 284672K, used 175669K [0x0000000700000000, 0x0000000800000000)
  region size 2048K, 3 young (6144K), 3 survivors (6144K)
 Metaspace       used 117754K, committed 118592K, reserved 1155072K
  class space    used 15120K, committed 15552K, reserved 1048576K
}
Event: 324.009 GC heap before
{Heap before GC invocations=73 (full 0):
 garbage-first heap   total 284672K, used 233013K [0x0000000700000000, 0x0000000800000000)
  region size 2048K, 32 young (65536K), 3 survivors (6144K)
 Metaspace       used 118423K, committed 119232K, reserved 1155072K
  class space    used 15202K, committed 15616K, reserved 1048576K
}
Event: 324.025 GC heap after
{Heap after GC invocations=74 (full 0):
 garbage-first heap   total 284672K, used 189318K [0x0000000700000000, 0x0000000800000000)
  region size 2048K, 4 young (8192K), 4 survivors (8192K)
 Metaspace       used 118423K, committed 119232K, reserved 1155072K
  class space    used 15202K, committed 15616K, reserved 1048576K
}
Event: 326.943 GC heap before
{Heap before GC invocations=75 (full 0):
 garbage-first heap   total 284672K, used 207750K [0x0000000700000000, 0x0000000800000000)
  region size 2048K, 26 young (53248K), 4 survivors (8192K)
 Metaspace       used 121546K, committed 122432K, reserved 1155072K
  class space    used 15617K, committed 16064K, reserved 1048576K
}
Event: 326.969 GC heap after
{Heap after GC invocations=76 (full 0):
 garbage-first heap   total 284672K, used 169271K [0x0000000700000000, 0x0000000800000000)
  region size 2048K, 4 young (8192K), 4 survivors (8192K)
 Metaspace       used 121546K, committed 122432K, reserved 1155072K
  class space    used 15617K, committed 16064K, reserved 1048576K
}
Event: 327.134 GC heap before
{Heap before GC invocations=76 (full 0):
 garbage-first heap   total 284672K, used 173367K [0x0000000700000000, 0x0000000800000000)
  region size 2048K, 6 young (12288K), 4 survivors (8192K)
 Metaspace       used 121549K, committed 122432K, reserved 1155072K
  class space    used 15617K, committed 16064K, reserved 1048576K
}
Event: 327.155 GC heap after
{Heap after GC invocations=77 (full 0):
 garbage-first heap   total 284672K, used 141674K [0x0000000700000000, 0x0000000800000000)
  region size 2048K, 1 young (2048K), 1 survivors (2048K)
 Metaspace       used 121549K, committed 122432K, reserved 1155072K
  class space    used 15617K, committed 16064K, reserved 1048576K
}
Event: 328.939 GC heap before
{Heap before GC invocations=77 (full 0):
 garbage-first heap   total 284672K, used 215402K [0x0000000700000000, 0x0000000800000000)
  region size 2048K, 37 young (75776K), 1 survivors (2048K)
 Metaspace       used 122200K, committed 123072K, reserved 1163264K
  class space    used 15705K, committed 16192K, reserved 1048576K
}
Event: 328.978 GC heap after
{Heap after GC invocations=78 (full 0):
 garbage-first heap   total 284672K, used 154691K [0x0000000700000000, 0x0000000800000000)
  region size 2048K, 5 young (10240K), 5 survivors (10240K)
 Metaspace       used 122200K, committed 123072K, reserved 1163264K
  class space    used 15705K, committed 16192K, reserved 1048576K
}
Event: 333.180 GC heap before
{Heap before GC invocations=78 (full 0):
 garbage-first heap   total 284672K, used 222275K [0x0000000700000000, 0x0000000800000000)
  region size 2048K, 38 young (77824K), 5 survivors (10240K)
 Metaspace       used 123855K, committed 124736K, reserved 1163264K
  class space    used 15967K, committed 16448K, reserved 1048576K
}

