# JRE version: OpenJDK Runtime Environment (17.0.6) (build 17.0.6+0-b2043.56-10027231)
# Java VM: OpenJDK 64-Bit Server VM (17.0.6+0-b2043.56-10027231, mixed mode, tiered, compressed oops, compressed class ptrs, g1 gc, windows-amd64)
GC Precious Log:
 CPUs: 4 total, 4 available
 Memory: 10177M
 Large Page Support: Disabled
 NUMA Support: Disabled
 Compressed Oops: Enabled (Zero based)
 Heap Region Size: 2M
 Heap Min Capacity: 8M
 Heap Initial Capacity: 160M
 Heap Max Capacity: 4G
 Pre-touch: Disabled
 Parallel Workers: 4
 Concurrent Workers: 1
 Concurrent Refinement Workers: 4
 Periodic GC: Disabled
Heap:
 garbage-first heap   total 274432K, used 205539K [0x0000000700000000, 0x0000000800000000)
  region size 2048K, 28 young (57344K), 2 survivors (4096K)
 Metaspace       used 114863K, committed 115648K, reserved 1155072K
  class space    used 15206K, committed 15552K, reserved 1048576K
GC Heap History (20 events):
Event: 41.980 GC heap before
{Heap before GC invocations=29 (full 0):
 garbage-first heap   total 174080K, used 136808K [0x0000000700000000, 0x0000000800000000)
  region size 2048K, 21 young (43008K), 3 survivors (6144K)
 Metaspace       used 77783K, committed 78464K, reserved 1122304K
  class space    used 10394K, committed 10688K, reserved 1048576K
}
Event: 41.992 GC heap after
{Heap after GC invocations=30 (full 0):
 garbage-first heap   total 174080K, used 101609K [0x0000000700000000, 0x0000000800000000)
  region size 2048K, 2 young (4096K), 2 survivors (4096K)
 Metaspace       used 77783K, committed 78464K, reserved 1122304K
  class space    used 10394K, committed 10688K, reserved 1048576K
}
Event: 42.567 GC heap before
{Heap before GC invocations=31 (full 0):
 garbage-first heap   total 182272K, used 109801K [0x0000000700000000, 0x0000000800000000)
  region size 2048K, 7 young (14336K), 2 survivors (4096K)
 Metaspace       used 78810K, committed 79488K, reserved 1122304K
  class space    used 10546K, committed 10816K, reserved 1048576K
}
Event: 42.578 GC heap after
{Heap after GC invocations=32 (full 0):
 garbage-first heap   total 182272K, used 102279K [0x0000000700000000, 0x0000000800000000)
  region size 2048K, 2 young (4096K), 2 survivors (4096K)
 Metaspace       used 78810K, committed 79488K, reserved 1122304K
  class space    used 10546K, committed 10816K, reserved 1048576K
}
Event: 44.733 GC heap before
{Heap before GC invocations=33 (full 0):
 garbage-first heap   total 192512K, used 149383K [0x0000000700000000, 0x0000000800000000)
  region size 2048K, 22 young (45056K), 2 survivors (4096K)
 Metaspace       used 85219K, committed 85952K, reserved 1130496K
  class space    used 11734K, committed 12032K, reserved 1048576K
}
Event: 44.745 GC heap after
{Heap after GC invocations=34 (full 0):
 garbage-first heap   total 192512K, used 103529K [0x0000000700000000, 0x0000000800000000)
  region size 2048K, 3 young (6144K), 3 survivors (6144K)
 Metaspace       used 85219K, committed 85952K, reserved 1130496K
  class space    used 11734K, committed 12032K, reserved 1048576K
}
Event: 48.384 GC heap before
{Heap before GC invocations=34 (full 0):
 garbage-first heap   total 192512K, used 150633K [0x0000000700000000, 0x0000000800000000)
  region size 2048K, 27 young (55296K), 3 survivors (6144K)
 Metaspace       used 87301K, committed 87936K, reserved 1130496K
  class space    used 11962K, committed 12224K, reserved 1048576K
}
Event: 48.393 GC heap after
{Heap after GC invocations=35 (full 0):
 garbage-first heap   total 192512K, used 104091K [0x0000000700000000, 0x0000000800000000)
  region size 2048K, 3 young (6144K), 3 survivors (6144K)
 Metaspace       used 87301K, committed 87936K, reserved 1130496K
  class space    used 11962K, committed 12224K, reserved 1048576K
}
Event: 49.806 GC heap before
{Heap before GC invocations=36 (full 0):
 garbage-first heap   total 192512K, used 126619K [0x0000000700000000, 0x0000000800000000)
  region size 2048K, 15 young (30720K), 3 survivors (6144K)
 Metaspace       used 91050K, committed 91840K, reserved 1130496K
  class space    used 12427K, committed 12800K, reserved 1048576K
}
Event: 49.819 GC heap after
{Heap after GC invocations=37 (full 0):
 garbage-first heap   total 231424K, used 104840K [0x0000000700000000, 0x0000000800000000)
  region size 2048K, 2 young (4096K), 2 survivors (4096K)
 Metaspace       used 91050K, committed 91840K, reserved 1130496K
  class space    used 12427K, committed 12800K, reserved 1048576K
}
Event: 51.080 GC heap before
{Heap before GC invocations=37 (full 0):
 garbage-first heap   total 231424K, used 145800K [0x0000000700000000, 0x0000000800000000)
  region size 2048K, 21 young (43008K), 2 survivors (4096K)
 Metaspace       used 96565K, committed 97280K, reserved 1138688K
  class space    used 13136K, committed 13440K, reserved 1048576K
}
Event: 51.091 GC heap after
{Heap after GC invocations=38 (full 0):
 garbage-first heap   total 231424K, used 109958K [0x0000000700000000, 0x0000000800000000)
  region size 2048K, 3 young (6144K), 3 survivors (6144K)
 Metaspace       used 96565K, committed 97280K, reserved 1138688K
  class space    used 13136K, committed 13440K, reserved 1048576K
}
Event: 52.731 GC heap before
{Heap before GC invocations=39 (full 0):
 garbage-first heap   total 231424K, used 193926K [0x0000000700000000, 0x0000000800000000)
  region size 2048K, 41 young (83968K), 3 survivors (6144K)
 Metaspace       used 96738K, committed 97536K, reserved 1138688K
  class space    used 13145K, committed 13504K, reserved 1048576K
}
Event: 52.794 GC heap after
{Heap after GC invocations=40 (full 0):
 garbage-first heap   total 231424K, used 133324K [0x0000000700000000, 0x0000000800000000)
  region size 2048K, 6 young (12288K), 6 survivors (12288K)
 Metaspace       used 96738K, committed 97536K, reserved 1138688K
  class space    used 13145K, committed 13504K, reserved 1048576K
}
Event: 54.289 GC heap before
{Heap before GC invocations=40 (full 0):
 garbage-first heap   total 231424K, used 170188K [0x0000000700000000, 0x0000000800000000)
  region size 2048K, 25 young (51200K), 6 survivors (12288K)
 Metaspace       used 100212K, committed 100928K, reserved 1138688K
  class space    used 13571K, committed 13888K, reserved 1048576K
}
Event: 54.315 GC heap after
{Heap after GC invocations=41 (full 0):
 garbage-first heap   total 231424K, used 139647K [0x0000000700000000, 0x0000000800000000)
  region size 2048K, 3 young (6144K), 3 survivors (6144K)
 Metaspace       used 100212K, committed 100928K, reserved 1138688K
  class space    used 13571K, committed 13888K, reserved 1048576K
}
Event: 55.768 GC heap before
{Heap before GC invocations=42 (full 0):
 garbage-first heap   total 260096K, used 190847K [0x0000000700000000, 0x0000000800000000)
  region size 2048K, 25 young (51200K), 3 survivors (6144K)
 Metaspace       used 104681K, committed 105472K, reserved 1146880K
  class space    used 13972K, committed 14336K, reserved 1048576K
}
Event: 55.786 GC heap after
{Heap after GC invocations=43 (full 0):
 garbage-first heap   total 260096K, used 150650K [0x0000000700000000, 0x0000000800000000)
  region size 2048K, 4 young (8192K), 4 survivors (8192K)
 Metaspace       used 104681K, committed 105472K, reserved 1146880K
  class space    used 13972K, committed 14336K, reserved 1048576K
}
Event: 57.897 GC heap before
{Heap before GC invocations=43 (full 0):
 garbage-first heap   total 260096K, used 205946K [0x0000000700000000, 0x0000000800000000)
  region size 2048K, 31 young (63488K), 4 survivors (8192K)
 Metaspace       used 112251K, committed 113024K, reserved 1146880K
  class space    used 14889K, committed 15232K, reserved 1048576K
}
Event: 57.911 GC heap after
{Heap after GC invocations=44 (full 0):
 garbage-first heap   total 260096K, used 154339K [0x0000000700000000, 0x0000000800000000)
  region size 2048K, 2 young (4096K), 2 survivors (4096K)
 Metaspace       used 112251K, committed 113024K, reserved 1146880K
  class space    used 14889K, committed 15232K, reserved 1048576K
}

