# JRE version: OpenJDK Runtime Environment (17.0.6) (build 17.0.6+0-b2043.56-10027231)
# Java VM: OpenJDK 64-Bit Server VM (17.0.6+0-b2043.56-10027231, mixed mode, tiered, compressed oops, compressed class ptrs, g1 gc, windows-amd64)
GC Precious Log:
 CPUs: 4 total, 4 available
 Memory: 10177M
 Large Page Support: Disabled
 NUMA Support: Disabled
 Compressed Oops: Enabled (Zero based)
 Heap Region Size: 2M
 Heap Min Capacity: 8M
 Heap Initial Capacity: 160M
 Heap Max Capacity: 4G
 Pre-touch: Disabled
 Parallel Workers: 4
 Concurrent Workers: 1
 Concurrent Refinement Workers: 4
 Periodic GC: Disabled
Heap:
 garbage-first heap   total 221184K, used 138468K [0x0000000700000000, 0x0000000800000000)
  region size 2048K, 15 young (30720K), 3 survivors (6144K)
 Metaspace       used 118248K, committed 118912K, reserved 1155072K
  class space    used 15350K, committed 15680K, reserved 1048576K
GC Heap History (20 events):
Event: 31.917 GC heap before
{Heap before GC invocations=27 (full 0):
 garbage-first heap   total 151552K, used 87147K [0x0000000700000000, 0x0000000800000000)
  region size 2048K, 6 young (12288K), 2 survivors (4096K)
 Metaspace       used 71587K, committed 72256K, reserved 1114112K
  class space    used 10008K, committed 10304K, reserved 1048576K
}
Event: 31.926 GC heap after
{Heap after GC invocations=28 (full 0):
 garbage-first heap   total 151552K, used 81280K [0x0000000700000000, 0x0000000800000000)
  region size 2048K, 2 young (4096K), 2 survivors (4096K)
 Metaspace       used 71587K, committed 72256K, reserved 1114112K
  class space    used 10008K, committed 10304K, reserved 1048576K
}
Event: 33.866 GC heap before
{Heap before GC invocations=29 (full 0):
 garbage-first heap   total 157696K, used 130432K [0x0000000700000000, 0x0000000800000000)
  region size 2048K, 23 young (47104K), 2 survivors (4096K)
 Metaspace       used 72431K, committed 73152K, reserved 1114112K
  class space    used 10098K, committed 10432K, reserved 1048576K
}
Event: 33.891 GC heap after
{Heap after GC invocations=30 (full 0):
 garbage-first heap   total 157696K, used 90560K [0x0000000700000000, 0x0000000800000000)
  region size 2048K, 3 young (6144K), 3 survivors (6144K)
 Metaspace       used 72431K, committed 73152K, reserved 1114112K
  class space    used 10098K, committed 10432K, reserved 1048576K
}
Event: 37.457 GC heap before
{Heap before GC invocations=30 (full 0):
 garbage-first heap   total 157696K, used 115136K [0x0000000700000000, 0x0000000800000000)
  region size 2048K, 16 young (32768K), 3 survivors (6144K)
 Metaspace       used 76112K, committed 76800K, reserved 1122304K
  class space    used 10520K, committed 10816K, reserved 1048576K
}
Event: 37.475 GC heap after
{Heap after GC invocations=31 (full 0):
 garbage-first heap   total 157696K, used 93719K [0x0000000700000000, 0x0000000800000000)
  region size 2048K, 2 young (4096K), 2 survivors (4096K)
 Metaspace       used 76112K, committed 76800K, reserved 1122304K
  class space    used 10520K, committed 10816K, reserved 1048576K
}
Event: 38.998 GC heap before
{Heap before GC invocations=32 (full 0):
 garbage-first heap   total 174080K, used 132631K [0x0000000700000000, 0x0000000800000000)
  region size 2048K, 18 young (36864K), 2 survivors (4096K)
 Metaspace       used 79982K, committed 80640K, reserved 1122304K
  class space    used 10905K, committed 11200K, reserved 1048576K
}
Event: 39.015 GC heap after
{Heap after GC invocations=33 (full 0):
 garbage-first heap   total 174080K, used 102251K [0x0000000700000000, 0x0000000800000000)
  region size 2048K, 3 young (6144K), 3 survivors (6144K)
 Metaspace       used 79982K, committed 80640K, reserved 1122304K
  class space    used 10905K, committed 11200K, reserved 1048576K
}
Event: 40.777 GC heap before
{Heap before GC invocations=33 (full 0):
 garbage-first heap   total 174080K, used 139115K [0x0000000700000000, 0x0000000800000000)
  region size 2048K, 21 young (43008K), 3 survivors (6144K)
 Metaspace       used 85206K, committed 85888K, reserved 1130496K
  class space    used 11470K, committed 11776K, reserved 1048576K
}
Event: 40.790 GC heap after
{Heap after GC invocations=34 (full 0):
 garbage-first heap   total 174080K, used 104214K [0x0000000700000000, 0x0000000800000000)
  region size 2048K, 3 young (6144K), 3 survivors (6144K)
 Metaspace       used 85206K, committed 85888K, reserved 1130496K
  class space    used 11470K, committed 11776K, reserved 1048576K
}
Event: 42.558 GC heap before
{Heap before GC invocations=35 (full 0):
 garbage-first heap   total 184320K, used 141078K [0x0000000700000000, 0x0000000800000000)
  region size 2048K, 21 young (43008K), 3 survivors (6144K)
 Metaspace       used 90261K, committed 90880K, reserved 1130496K
  class space    used 12077K, committed 12352K, reserved 1048576K
}
Event: 42.575 GC heap after
{Heap after GC invocations=36 (full 0):
 garbage-first heap   total 184320K, used 106696K [0x0000000700000000, 0x0000000800000000)
  region size 2048K, 3 young (6144K), 3 survivors (6144K)
 Metaspace       used 90261K, committed 90880K, reserved 1130496K
  class space    used 12077K, committed 12352K, reserved 1048576K
}
Event: 42.727 GC heap before
{Heap before GC invocations=36 (full 0):
 garbage-first heap   total 184320K, used 108744K [0x0000000700000000, 0x0000000800000000)
  region size 2048K, 4 young (8192K), 3 survivors (6144K)
 Metaspace       used 90693K, committed 91328K, reserved 1130496K
  class space    used 12135K, committed 12416K, reserved 1048576K
}
Event: 42.748 GC heap after
{Heap after GC invocations=37 (full 0):
 garbage-first heap   total 221184K, used 106657K [0x0000000700000000, 0x0000000800000000)
  region size 2048K, 1 young (2048K), 1 survivors (2048K)
 Metaspace       used 90693K, committed 91328K, reserved 1130496K
  class space    used 12135K, committed 12416K, reserved 1048576K
}
Event: 45.790 GC heap before
{Heap before GC invocations=37 (full 0):
 garbage-first heap   total 221184K, used 172193K [0x0000000700000000, 0x0000000800000000)
  region size 2048K, 33 young (67584K), 1 survivors (2048K)
 Metaspace       used 93940K, committed 94656K, reserved 1130496K
  class space    used 12543K, committed 12864K, reserved 1048576K
}
Event: 45.800 GC heap after
{Heap after GC invocations=38 (full 0):
 garbage-first heap   total 221184K, used 109896K [0x0000000700000000, 0x0000000800000000)
  region size 2048K, 2 young (4096K), 2 survivors (4096K)
 Metaspace       used 93940K, committed 94656K, reserved 1130496K
  class space    used 12543K, committed 12864K, reserved 1048576K
}
Event: 49.973 GC heap before
{Heap before GC invocations=39 (full 0):
 garbage-first heap   total 221184K, used 181576K [0x0000000700000000, 0x0000000800000000)
  region size 2048K, 37 young (75776K), 2 survivors (4096K)
 Metaspace       used 102044K, committed 102720K, reserved 1138688K
  class space    used 13489K, committed 13760K, reserved 1048576K
}
Event: 50.003 GC heap after
{Heap after GC invocations=40 (full 0):
 garbage-first heap   total 221184K, used 114559K [0x0000000700000000, 0x0000000800000000)
  region size 2048K, 5 young (10240K), 5 survivors (10240K)
 Metaspace       used 102044K, committed 102720K, reserved 1138688K
  class space    used 13489K, committed 13760K, reserved 1048576K
}
Event: 53.815 GC heap before
{Heap before GC invocations=40 (full 0):
 garbage-first heap   total 221184K, used 178047K [0x0000000700000000, 0x0000000800000000)
  region size 2048K, 37 young (75776K), 5 survivors (10240K)
 Metaspace       used 113267K, committed 113920K, reserved 1155072K
  class space    used 14712K, committed 14976K, reserved 1048576K
}
Event: 53.832 GC heap after
{Heap after GC invocations=41 (full 0):
 garbage-first heap   total 221184K, used 115940K [0x0000000700000000, 0x0000000800000000)
  region size 2048K, 3 young (6144K), 3 survivors (6144K)
 Metaspace       used 113267K, committed 113920K, reserved 1155072K
  class space    used 14712K, committed 14976K, reserved 1048576K
}

