# JRE version: OpenJDK Runtime Environment (17.0.6) (build 17.0.6+0-b2043.56-10027231)
# Java VM: OpenJDK 64-Bit Server VM (17.0.6+0-b2043.56-10027231, mixed mode, tiered, compressed oops, compressed class ptrs, g1 gc, windows-amd64)
GC Precious Log:
 CPUs: 4 total, 4 available
 Memory: 10177M
 Large Page Support: Disabled
 NUMA Support: Disabled
 Compressed Oops: Enabled (Zero based)
 Heap Region Size: 2M
 Heap Min Capacity: 8M
 Heap Initial Capacity: 160M
 Heap Max Capacity: 4G
 Pre-touch: Disabled
 Parallel Workers: 4
 Concurrent Workers: 1
 Concurrent Refinement Workers: 4
 Periodic GC: Disabled
Heap:
 garbage-first heap   total 768000K, used 485169K [0x0000000700000000, 0x0000000800000000)
  region size 2048K, 52 young (106496K), 10 survivors (20480K)
 Metaspace       used 222525K, committed 224000K, reserved 1245184K
  class space    used 27607K, committed 28352K, reserved 1048576K
GC Heap History (20 events):
Event: 1841.485 GC heap before
{Heap before GC invocations=141 (full 0):
 garbage-first heap   total 768000K, used 667654K [0x0000000700000000, 0x0000000800000000)
  region size 2048K, 145 young (296960K), 6 survivors (12288K)
 Metaspace       used 222346K, committed 223808K, reserved 1245184K
  class space    used 27600K, committed 28352K, reserved 1048576K
}
Event: 1841.507 GC heap after
{Heap after GC invocations=142 (full 0):
 garbage-first heap   total 768000K, used 383464K [0x0000000700000000, 0x0000000800000000)
  region size 2048K, 6 young (12288K), 6 survivors (12288K)
 Metaspace       used 222346K, committed 223808K, reserved 1245184K
  class space    used 27600K, committed 28352K, reserved 1048576K
}
Event: 1841.894 GC heap before
{Heap before GC invocations=142 (full 0):
 garbage-first heap   total 768000K, used 408040K [0x0000000700000000, 0x0000000800000000)
  region size 2048K, 18 young (36864K), 6 survivors (12288K)
 Metaspace       used 222346K, committed 223808K, reserved 1245184K
  class space    used 27600K, committed 28352K, reserved 1048576K
}
Event: 1841.935 GC heap after
{Heap after GC invocations=143 (full 0):
 garbage-first heap   total 768000K, used 376147K [0x0000000700000000, 0x0000000800000000)
  region size 2048K, 3 young (6144K), 3 survivors (6144K)
 Metaspace       used 222346K, committed 223808K, reserved 1245184K
  class space    used 27600K, committed 28352K, reserved 1048576K
}
Event: 1845.895 GC heap before
{Heap before GC invocations=143 (full 0):
 garbage-first heap   total 768000K, used 669011K [0x0000000700000000, 0x0000000800000000)
  region size 2048K, 146 young (299008K), 3 survivors (6144K)
 Metaspace       used 222349K, committed 223808K, reserved 1245184K
  class space    used 27600K, committed 28352K, reserved 1048576K
}
Event: 1845.923 GC heap after
{Heap after GC invocations=144 (full 0):
 garbage-first heap   total 768000K, used 374354K [0x0000000700000000, 0x0000000800000000)
  region size 2048K, 2 young (4096K), 2 survivors (4096K)
 Metaspace       used 222349K, committed 223808K, reserved 1245184K
  class space    used 27600K, committed 28352K, reserved 1048576K
}
Event: 1852.053 GC heap before
{Heap before GC invocations=144 (full 0):
 garbage-first heap   total 768000K, used 671314K [0x0000000700000000, 0x0000000800000000)
  region size 2048K, 147 young (301056K), 2 survivors (4096K)
 Metaspace       used 222352K, committed 223808K, reserved 1245184K
  class space    used 27600K, committed 28352K, reserved 1048576K
}
Event: 1852.067 GC heap after
{Heap after GC invocations=145 (full 0):
 garbage-first heap   total 768000K, used 374942K [0x0000000700000000, 0x0000000800000000)
  region size 2048K, 2 young (4096K), 2 survivors (4096K)
 Metaspace       used 222352K, committed 223808K, reserved 1245184K
  class space    used 27600K, committed 28352K, reserved 1048576K
}
Event: 1854.862 GC heap before
{Heap before GC invocations=145 (full 0):
 garbage-first heap   total 768000K, used 675998K [0x0000000700000000, 0x0000000800000000)
  region size 2048K, 149 young (305152K), 2 survivors (4096K)
 Metaspace       used 222360K, committed 223808K, reserved 1245184K
  class space    used 27600K, committed 28352K, reserved 1048576K
}
Event: 1854.877 GC heap after
{Heap after GC invocations=146 (full 0):
 garbage-first heap   total 768000K, used 376402K [0x0000000700000000, 0x0000000800000000)
  region size 2048K, 3 young (6144K), 3 survivors (6144K)
 Metaspace       used 222360K, committed 223808K, reserved 1245184K
  class space    used 27600K, committed 28352K, reserved 1048576K
}
Event: 1859.884 GC heap before
{Heap before GC invocations=147 (full 0):
 garbage-first heap   total 768000K, used 675410K [0x0000000700000000, 0x0000000800000000)
  region size 2048K, 149 young (305152K), 3 survivors (6144K)
 Metaspace       used 222394K, committed 223872K, reserved 1245184K
  class space    used 27601K, committed 28352K, reserved 1048576K
}
Event: 1859.904 GC heap after
{Heap after GC invocations=148 (full 0):
 garbage-first heap   total 768000K, used 377253K [0x0000000700000000, 0x0000000800000000)
  region size 2048K, 3 young (6144K), 3 survivors (6144K)
 Metaspace       used 222394K, committed 223872K, reserved 1245184K
  class space    used 27601K, committed 28352K, reserved 1048576K
}
Event: 1860.429 GC heap before
{Heap before GC invocations=148 (full 0):
 garbage-first heap   total 768000K, used 407973K [0x0000000700000000, 0x0000000800000000)
  region size 2048K, 18 young (36864K), 3 survivors (6144K)
 Metaspace       used 222404K, committed 223872K, reserved 1245184K
  class space    used 27601K, committed 28352K, reserved 1048576K
}
Event: 1860.454 GC heap after
{Heap after GC invocations=149 (full 0):
 garbage-first heap   total 768000K, used 366420K [0x0000000700000000, 0x0000000800000000)
  region size 2048K, 2 young (4096K), 2 survivors (4096K)
 Metaspace       used 222404K, committed 223872K, reserved 1245184K
  class space    used 27601K, committed 28352K, reserved 1048576K
}
Event: 1866.057 GC heap before
{Heap before GC invocations=149 (full 0):
 garbage-first heap   total 768000K, used 679764K [0x0000000700000000, 0x0000000800000000)
  region size 2048K, 154 young (315392K), 2 survivors (4096K)
 Metaspace       used 222479K, committed 223936K, reserved 1245184K
  class space    used 27604K, committed 28352K, reserved 1048576K
}
Event: 1866.104 GC heap after
{Heap after GC invocations=150 (full 0):
 garbage-first heap   total 768000K, used 386092K [0x0000000700000000, 0x0000000800000000)
  region size 2048K, 11 young (22528K), 11 survivors (22528K)
 Metaspace       used 222479K, committed 223936K, reserved 1245184K
  class space    used 27604K, committed 28352K, reserved 1048576K
}
Event: 1869.221 GC heap before
{Heap before GC invocations=150 (full 0):
 garbage-first heap   total 768000K, used 656428K [0x0000000700000000, 0x0000000800000000)
  region size 2048K, 144 young (294912K), 11 survivors (22528K)
 Metaspace       used 222488K, committed 223936K, reserved 1245184K
  class space    used 27605K, committed 28352K, reserved 1048576K
}
Event: 1869.253 GC heap after
{Heap after GC invocations=151 (full 0):
 garbage-first heap   total 768000K, used 388131K [0x0000000700000000, 0x0000000800000000)
  region size 2048K, 2 young (4096K), 2 survivors (4096K)
 Metaspace       used 222488K, committed 223936K, reserved 1245184K
  class space    used 27605K, committed 28352K, reserved 1048576K
}
Event: 1872.036 GC heap before
{Heap before GC invocations=151 (full 0):
 garbage-first heap   total 768000K, used 664611K [0x0000000700000000, 0x0000000800000000)
  region size 2048K, 137 young (280576K), 2 survivors (4096K)
 Metaspace       used 222517K, committed 224000K, reserved 1245184K
  class space    used 27607K, committed 28352K, reserved 1048576K
}
Event: 1872.072 GC heap after
{Heap after GC invocations=152 (full 0):
 garbage-first heap   total 768000K, used 403249K [0x0000000700000000, 0x0000000800000000)
  region size 2048K, 10 young (20480K), 10 survivors (20480K)
 Metaspace       used 222517K, committed 224000K, reserved 1245184K
  class space    used 27607K, committed 28352K, reserved 1048576K
}

