# JRE version: OpenJDK Runtime Environment (17.0.6) (build 17.0.6+0-b2043.56-10027231)
# Java VM: OpenJDK 64-Bit Server VM (17.0.6+0-b2043.56-10027231, mixed mode, tiered, compressed oops, compressed class ptrs, g1 gc, windows-amd64)
GC Precious Log:
 CPUs: 4 total, 4 available
 Memory: 10177M
 Large Page Support: Disabled
 NUMA Support: Disabled
 Compressed Oops: Enabled (Zero based)
 Heap Region Size: 2M
 Heap Min Capacity: 8M
 Heap Initial Capacity: 160M
 Heap Max Capacity: 4G
 Pre-touch: Disabled
 Parallel Workers: 4
 Concurrent Workers: 1
 Concurrent Refinement Workers: 4
 Periodic GC: Disabled
Heap:
 garbage-first heap   total 102400K, used 60024K [0x0000000700000000, 0x0000000800000000)
  region size 2048K, 3 young (6144K), 2 survivors (4096K)
 Metaspace       used 42855K, committed 43264K, reserved 1089536K
  class space    used 5628K, committed 5824K, reserved 1048576K
GC Heap History (20 events):
Event: 10.551 GC heap before
{Heap before GC invocations=6 (full 0):
 garbage-first heap   total 69632K, used 22280K [0x0000000700000000, 0x0000000800000000)
  region size 2048K, 3 young (6144K), 2 survivors (4096K)
 Metaspace       used 26223K, committed 26560K, reserved 1073152K
  class space    used 3431K, committed 3584K, reserved 1048576K
}
Event: 10.559 GC heap after
{Heap after GC invocations=7 (full 0):
 garbage-first heap   total 69632K, used 20422K [0x0000000700000000, 0x0000000800000000)
  region size 2048K, 1 young (2048K), 1 survivors (2048K)
 Metaspace       used 26223K, committed 26560K, reserved 1073152K
  class space    used 3431K, committed 3584K, reserved 1048576K
}
Event: 12.605 GC heap before
{Heap before GC invocations=7 (full 0):
 garbage-first heap   total 69632K, used 51142K [0x0000000700000000, 0x0000000800000000)
  region size 2048K, 13 young (26624K), 1 survivors (2048K)
 Metaspace       used 29356K, committed 29760K, reserved 1081344K
  class space    used 3981K, committed 4160K, reserved 1048576K
}
Event: 12.613 GC heap after
{Heap after GC invocations=8 (full 0):
 garbage-first heap   total 83968K, used 34816K [0x0000000700000000, 0x0000000800000000)
  region size 2048K, 2 young (4096K), 2 survivors (4096K)
 Metaspace       used 29356K, committed 29760K, reserved 1081344K
  class space    used 3981K, committed 4160K, reserved 1048576K
}
Event: 12.709 GC heap before
{Heap before GC invocations=8 (full 0):
 garbage-first heap   total 83968K, used 47104K [0x0000000700000000, 0x0000000800000000)
  region size 2048K, 3 young (6144K), 2 survivors (4096K)
 Metaspace       used 29362K, committed 29760K, reserved 1081344K
  class space    used 3981K, committed 4160K, reserved 1048576K
}
Event: 12.718 GC heap after
{Heap after GC invocations=9 (full 0):
 garbage-first heap   total 83968K, used 46995K [0x0000000700000000, 0x0000000800000000)
  region size 2048K, 1 young (2048K), 1 survivors (2048K)
 Metaspace       used 29362K, committed 29760K, reserved 1081344K
  class space    used 3981K, committed 4160K, reserved 1048576K
}
Event: 14.375 GC heap before
{Heap before GC invocations=10 (full 0):
 garbage-first heap   total 90112K, used 63379K [0x0000000700000000, 0x0000000800000000)
  region size 2048K, 9 young (18432K), 1 survivors (2048K)
 Metaspace       used 31451K, committed 31808K, reserved 1081344K
  class space    used 4314K, committed 4480K, reserved 1048576K
}
Event: 14.381 GC heap after
{Heap after GC invocations=11 (full 0):
 garbage-first heap   total 90112K, used 50990K [0x0000000700000000, 0x0000000800000000)
  region size 2048K, 1 young (2048K), 1 survivors (2048K)
 Metaspace       used 31451K, committed 31808K, reserved 1081344K
  class space    used 4314K, committed 4480K, reserved 1048576K
}
Event: 14.636 GC heap before
{Heap before GC invocations=11 (full 0):
 garbage-first heap   total 90112K, used 53038K [0x0000000700000000, 0x0000000800000000)
  region size 2048K, 2 young (4096K), 1 survivors (2048K)
 Metaspace       used 31690K, committed 32064K, reserved 1081344K
  class space    used 4356K, committed 4544K, reserved 1048576K
}
Event: 14.641 GC heap after
{Heap after GC invocations=12 (full 0):
 garbage-first heap   total 90112K, used 50148K [0x0000000700000000, 0x0000000800000000)
  region size 2048K, 1 young (2048K), 1 survivors (2048K)
 Metaspace       used 31690K, committed 32064K, reserved 1081344K
  class space    used 4356K, committed 4544K, reserved 1048576K
}
Event: 16.142 GC heap before
{Heap before GC invocations=12 (full 0):
 garbage-first heap   total 90112K, used 66532K [0x0000000700000000, 0x0000000800000000)
  region size 2048K, 9 young (18432K), 1 survivors (2048K)
 Metaspace       used 34035K, committed 34496K, reserved 1081344K
  class space    used 4727K, committed 4928K, reserved 1048576K
}
Event: 16.145 GC heap after
{Heap after GC invocations=13 (full 0):
 garbage-first heap   total 90112K, used 50885K [0x0000000700000000, 0x0000000800000000)
  region size 2048K, 1 young (2048K), 1 survivors (2048K)
 Metaspace       used 34035K, committed 34496K, reserved 1081344K
  class space    used 4727K, committed 4928K, reserved 1048576K
}
Event: 18.072 GC heap before
{Heap before GC invocations=14 (full 0):
 garbage-first heap   total 92160K, used 69317K [0x0000000700000000, 0x0000000800000000)
  region size 2048K, 10 young (20480K), 1 survivors (2048K)
 Metaspace       used 38235K, committed 38656K, reserved 1089536K
  class space    used 5195K, committed 5376K, reserved 1048576K
}
Event: 18.079 GC heap after
{Heap after GC invocations=15 (full 0):
 garbage-first heap   total 92160K, used 52723K [0x0000000700000000, 0x0000000800000000)
  region size 2048K, 2 young (4096K), 2 survivors (4096K)
 Metaspace       used 38235K, committed 38656K, reserved 1089536K
  class space    used 5195K, committed 5376K, reserved 1048576K
}
Event: 18.987 GC heap before
{Heap before GC invocations=15 (full 0):
 garbage-first heap   total 92160K, used 71155K [0x0000000700000000, 0x0000000800000000)
  region size 2048K, 11 young (22528K), 2 survivors (4096K)
 Metaspace       used 41785K, committed 42176K, reserved 1089536K
  class space    used 5582K, committed 5760K, reserved 1048576K
}
Event: 18.998 GC heap after
{Heap after GC invocations=16 (full 0):
 garbage-first heap   total 92160K, used 55768K [0x0000000700000000, 0x0000000800000000)
  region size 2048K, 2 young (4096K), 2 survivors (4096K)
 Metaspace       used 41785K, committed 42176K, reserved 1089536K
  class space    used 5582K, committed 5760K, reserved 1048576K
}
Event: 19.511 GC heap before
{Heap before GC invocations=17 (full 0):
 garbage-first heap   total 102400K, used 70104K [0x0000000700000000, 0x0000000800000000)
  region size 2048K, 10 young (20480K), 2 survivors (4096K)
 Metaspace       used 42217K, committed 42624K, reserved 1089536K
  class space    used 5628K, committed 5824K, reserved 1048576K
}
Event: 19.525 GC heap after
{Heap after GC invocations=18 (full 0):
 garbage-first heap   total 102400K, used 57446K [0x0000000700000000, 0x0000000800000000)
  region size 2048K, 2 young (4096K), 2 survivors (4096K)
 Metaspace       used 42217K, committed 42624K, reserved 1089536K
  class space    used 5628K, committed 5824K, reserved 1048576K
}
Event: 19.529 GC heap before
{Heap before GC invocations=18 (full 0):
 garbage-first heap   total 102400K, used 57446K [0x0000000700000000, 0x0000000800000000)
  region size 2048K, 3 young (6144K), 2 survivors (4096K)
 Metaspace       used 42218K, committed 42624K, reserved 1089536K
  class space    used 5628K, committed 5824K, reserved 1048576K
}
Event: 19.534 GC heap after
{Heap after GC invocations=19 (full 0):
 garbage-first heap   total 102400K, used 57976K [0x0000000700000000, 0x0000000800000000)
  region size 2048K, 2 young (4096K), 2 survivors (4096K)
 Metaspace       used 42218K, committed 42624K, reserved 1089536K
  class space    used 5628K, committed 5824K, reserved 1048576K
}

